2025-09-18 16:59:12 [main] INFO  [jobId=] c.c.managerDB.ManagerDbApplication - Starting ManagerDbApplication using Java 19.0.2 with PID 21364 (E:\NLT\project\managerDB\managerDB\target\classes started by laptop in E:\NLT\project\managerDB\managerDB)
2025-09-18 16:59:12 [main] INFO  [jobId=] c.c.managerDB.ManagerDbApplication - No active profile set, falling back to 1 default profile: "default"
2025-09-18 16:59:13 [main] INFO  [jobId=] o.s.d.r.c.RepositoryConfigurationDelegate - Bootstrapping Spring Data JPA repositories in DEFAULT mode.
2025-09-18 16:59:13 [main] INFO  [jobId=] o.s.d.r.c.RepositoryConfigurationDelegate - Finished Spring Data repository scanning in 48 ms. Found 2 JPA repository interfaces.
2025-09-18 16:59:14 [main] INFO  [jobId=] o.s.b.w.e.tomcat.TomcatWebServer - Tomcat initialized with port 8081 (http)
2025-09-18 16:59:14 [main] INFO  [jobId=] o.a.coyote.http11.Http11NioProtocol - Initializing ProtocolHandler ["http-nio-8081"]
2025-09-18 16:59:14 [main] INFO  [jobId=] o.a.catalina.core.StandardService - Starting service [Tomcat]
2025-09-18 16:59:14 [main] INFO  [jobId=] o.a.catalina.core.StandardEngine - Starting Servlet engine: [Apache Tomcat/10.1.43]
2025-09-18 16:59:14 [main] INFO  [jobId=] o.a.c.c.C.[Tomcat].[localhost].[/] - Initializing Spring embedded WebApplicationContext
2025-09-18 16:59:14 [main] INFO  [jobId=] o.s.b.w.s.c.ServletWebServerApplicationContext - Root WebApplicationContext: initialization completed in 1187 ms
2025-09-18 16:59:14 [main] INFO  [jobId=] o.h.jpa.internal.util.LogHelper - HHH000204: Processing PersistenceUnitInfo [name: default]
2025-09-18 16:59:14 [main] INFO  [jobId=] org.hibernate.Version - HHH000412: Hibernate ORM core version 6.6.22.Final
2025-09-18 16:59:14 [main] INFO  [jobId=] o.h.c.i.RegionFactoryInitiator - HHH000026: Second-level cache disabled
2025-09-18 16:59:14 [main] INFO  [jobId=] o.s.o.j.p.SpringPersistenceUnitInfo - No LoadTimeWeaver setup: ignoring JPA class transformer
2025-09-18 16:59:14 [main] INFO  [jobId=] com.zaxxer.hikari.HikariDataSource - HikariPool-1 - Starting...
2025-09-18 16:59:14 [main] INFO  [jobId=] com.zaxxer.hikari.pool.HikariPool - HikariPool-1 - Added connection org.postgresql.jdbc.PgConnection@6d617b07
2025-09-18 16:59:14 [main] INFO  [jobId=] com.zaxxer.hikari.HikariDataSource - HikariPool-1 - Start completed.
2025-09-18 16:59:15 [main] INFO  [jobId=] o.hibernate.orm.connections.pooling - HHH10001005: Database info:
	Database JDBC URL [Connecting through datasource 'HikariDataSource (HikariPool-1)']
	Database driver: undefined/unknown
	Database version: 15.13
	Autocommit mode: undefined/unknown
	Isolation level: undefined/unknown
	Minimum pool size: undefined/unknown
	Maximum pool size: undefined/unknown
2025-09-18 16:59:15 [main] INFO  [jobId=] o.h.e.t.j.p.i.JtaPlatformInitiator - HHH000489: No JTA platform available (set 'hibernate.transaction.jta.platform' to enable JTA platform integration)
2025-09-18 16:59:15 [main] INFO  [jobId=] o.s.o.j.LocalContainerEntityManagerFactoryBean - Initialized JPA EntityManagerFactory for persistence unit 'default'
2025-09-18 16:59:16 [main] WARN  [jobId=] o.s.b.a.o.j.JpaBaseConfiguration$JpaWebConfiguration - spring.jpa.open-in-view is enabled by default. Therefore, database queries may be performed during view rendering. Explicitly configure spring.jpa.open-in-view to disable this warning
2025-09-18 16:59:16 [main] INFO  [jobId=] o.a.coyote.http11.Http11NioProtocol - Starting ProtocolHandler ["http-nio-8081"]
2025-09-18 16:59:16 [main] INFO  [jobId=] o.s.b.w.e.tomcat.TomcatWebServer - Tomcat started on port 8081 (http) with context path '/'
2025-09-18 16:59:16 [main] INFO  [jobId=] c.c.managerDB.ManagerDbApplication - Started ManagerDbApplication in 4.027 seconds (process running for 4.714)
2025-09-18 17:12:34 [http-nio-8081-exec-1] INFO  [jobId=] o.a.c.c.C.[Tomcat].[localhost].[/] - Initializing Spring DispatcherServlet 'dispatcherServlet'
2025-09-18 17:12:34 [http-nio-8081-exec-1] INFO  [jobId=] o.s.web.servlet.DispatcherServlet - Initializing Servlet 'dispatcherServlet'
2025-09-18 17:12:34 [http-nio-8081-exec-1] INFO  [jobId=] o.s.web.servlet.DispatcherServlet - Completed initialization in 1 ms
2025-09-18 17:38:52 [http-nio-8081-exec-5] WARN  [jobId=] o.s.w.s.m.s.DefaultHandlerExceptionResolver - Resolved [org.springframework.http.converter.HttpMessageNotReadableException: JSON parse error: Cannot coerce empty String ("") to `com.clickhouse.managerDB.constant.JobStatus` value (but could if coercion was enabled using `CoercionConfig`)]
2025-09-18 17:39:48 [http-nio-8081-exec-9] WARN  [jobId=] o.s.w.s.m.s.DefaultHandlerExceptionResolver - Resolved [org.springframework.http.converter.HttpMessageNotReadableException: JSON parse error: Cannot coerce empty String ("") to `com.clickhouse.managerDB.constant.JobStatus` value (but could if coercion was enabled using `CoercionConfig`)]
2025-09-18 17:46:40 [HikariPool-1:housekeeper] WARN  [jobId=] com.zaxxer.hikari.pool.PoolBase - HikariPool-1 - Failed to validate connection org.postgresql.jdbc.PgConnection@14a8c07d (This connection has been closed.). Possibly consider using a shorter maxLifetime value.
2025-09-18 17:46:52 [SpringApplicationShutdownHook] INFO  [jobId=] o.s.b.w.e.tomcat.GracefulShutdown - Commencing graceful shutdown. Waiting for active requests to complete
2025-09-18 17:46:52 [tomcat-shutdown] INFO  [jobId=] o.s.b.w.e.tomcat.GracefulShutdown - Graceful shutdown complete
2025-09-18 17:46:52 [SpringApplicationShutdownHook] INFO  [jobId=] o.s.o.j.LocalContainerEntityManagerFactoryBean - Closing JPA EntityManagerFactory for persistence unit 'default'
2025-09-18 17:46:52 [SpringApplicationShutdownHook] INFO  [jobId=] com.zaxxer.hikari.HikariDataSource - HikariPool-1 - Shutdown initiated...
