2025-09-24 10:14:44 [main] INFO  [jobId=] c.c.managerDB.ManagerDbApplication - Starting ManagerDbApplication using Java 19.0.2 with PID 14244 (E:\NLT\project\managerDB\managerDB\target\classes started by laptop in E:\NLT\project\managerDB\managerDB)
2025-09-24 10:14:44 [main] INFO  [jobId=] c.c.managerDB.ManagerDbApplication - No active profile set, falling back to 1 default profile: "default"
2025-09-24 10:14:45 [main] INFO  [jobId=] o.s.d.r.c.RepositoryConfigurationDelegate - Bootstrapping Spring Data JPA repositories in DEFAULT mode.
2025-09-24 10:14:45 [main] INFO  [jobId=] o.s.d.r.c.RepositoryConfigurationDelegate - Finished Spring Data repository scanning in 61 ms. Found 2 JPA repository interfaces.
2025-09-24 10:14:45 [main] INFO  [jobId=] o.s.b.w.e.tomcat.TomcatWebServer - Tomcat initialized with port 8081 (http)
2025-09-24 10:14:45 [main] INFO  [jobId=] o.a.coyote.http11.Http11NioProtocol - Initializing ProtocolHandler ["http-nio-8081"]
2025-09-24 10:14:45 [main] INFO  [jobId=] o.a.catalina.core.StandardService - Starting service [Tomcat]
2025-09-24 10:14:45 [main] INFO  [jobId=] o.a.catalina.core.StandardEngine - Starting Servlet engine: [Apache Tomcat/10.1.43]
2025-09-24 10:14:46 [main] INFO  [jobId=] o.a.c.c.C.[Tomcat].[localhost].[/] - Initializing Spring embedded WebApplicationContext
2025-09-24 10:14:46 [main] INFO  [jobId=] o.s.b.w.s.c.ServletWebServerApplicationContext - Root WebApplicationContext: initialization completed in 1362 ms
2025-09-24 10:14:46 [main] INFO  [jobId=] o.h.jpa.internal.util.LogHelper - HHH000204: Processing PersistenceUnitInfo [name: default]
2025-09-24 10:14:46 [main] INFO  [jobId=] org.hibernate.Version - HHH000412: Hibernate ORM core version 6.6.22.Final
2025-09-24 10:14:46 [main] INFO  [jobId=] o.h.c.i.RegionFactoryInitiator - HHH000026: Second-level cache disabled
2025-09-24 10:14:46 [main] INFO  [jobId=] o.s.o.j.p.SpringPersistenceUnitInfo - No LoadTimeWeaver setup: ignoring JPA class transformer
2025-09-24 10:14:46 [main] INFO  [jobId=] com.zaxxer.hikari.HikariDataSource - HikariPool-1 - Starting...
2025-09-24 10:14:46 [main] INFO  [jobId=] com.zaxxer.hikari.pool.HikariPool - HikariPool-1 - Added connection org.postgresql.jdbc.PgConnection@455cbf18
2025-09-24 10:14:46 [main] INFO  [jobId=] com.zaxxer.hikari.HikariDataSource - HikariPool-1 - Start completed.
2025-09-24 10:14:46 [main] INFO  [jobId=] o.hibernate.orm.connections.pooling - HHH10001005: Database info:
	Database JDBC URL [Connecting through datasource 'HikariDataSource (HikariPool-1)']
	Database driver: undefined/unknown
	Database version: 15.13
	Autocommit mode: undefined/unknown
	Isolation level: undefined/unknown
	Minimum pool size: undefined/unknown
	Maximum pool size: undefined/unknown
2025-09-24 10:14:47 [main] INFO  [jobId=] o.h.e.t.j.p.i.JtaPlatformInitiator - HHH000489: No JTA platform available (set 'hibernate.transaction.jta.platform' to enable JTA platform integration)
2025-09-24 10:14:47 [main] INFO  [jobId=] o.s.o.j.LocalContainerEntityManagerFactoryBean - Initialized JPA EntityManagerFactory for persistence unit 'default'
2025-09-24 10:14:48 [main] WARN  [jobId=] o.s.b.a.o.j.JpaBaseConfiguration$JpaWebConfiguration - spring.jpa.open-in-view is enabled by default. Therefore, database queries may be performed during view rendering. Explicitly configure spring.jpa.open-in-view to disable this warning
2025-09-24 10:14:48 [main] INFO  [jobId=] o.a.coyote.http11.Http11NioProtocol - Starting ProtocolHandler ["http-nio-8081"]
2025-09-24 10:14:48 [main] INFO  [jobId=] o.s.b.w.e.tomcat.TomcatWebServer - Tomcat started on port 8081 (http) with context path '/'
2025-09-24 10:14:48 [main] INFO  [jobId=] c.c.managerDB.ManagerDbApplication - Started ManagerDbApplication in 4.689 seconds (process running for 5.952)
2025-09-24 10:16:23 [http-nio-8081-exec-1] INFO  [jobId=] o.a.c.c.C.[Tomcat].[localhost].[/] - Initializing Spring DispatcherServlet 'dispatcherServlet'
2025-09-24 10:16:23 [http-nio-8081-exec-1] INFO  [jobId=] o.s.web.servlet.DispatcherServlet - Initializing Servlet 'dispatcherServlet'
2025-09-24 10:16:23 [http-nio-8081-exec-1] INFO  [jobId=] o.s.web.servlet.DispatcherServlet - Completed initialization in 1 ms
2025-09-24 10:16:24 [pool-2-thread-1] INFO  [jobId=13] c.c.m.service.impl.JobServiceImpl - Start executing job 13
2025-09-24 10:16:24 [pool-2-thread-1] INFO  [jobId=13] n.s.sshj.transport.random.JCERandom - Creating new SecureRandom.
2025-09-24 10:16:24 [pool-2-thread-1] INFO  [jobId=13] n.s.sshj.transport.TransportImpl - Client identity string: SSH-2.0-SSHJ_0.39.0
2025-09-24 10:16:24 [pool-2-thread-1] INFO  [jobId=13] n.s.sshj.transport.TransportImpl - Server identity string: SSH-2.0-OpenSSH_8.9p1 Ubuntu-3ubuntu0.13
2025-09-24 10:16:25 [pool-2-thread-1] INFO  [jobId=13] c.c.m.service.impl.BackupServiceImpl - Starting create backup DB db2 to backup_db2_v1
2025-09-24 10:16:26 [pool-2-thread-1] ERROR [jobId=13] c.c.m.service.impl.BackupServiceImpl - Failed to create backup DB: db2
2025-09-24 10:16:26 [pool-2-thread-1] WARN  [jobId=13] o.h.e.jdbc.spi.SqlExceptionHelper - SQL Error: 0, SQLState: 22001
2025-09-24 10:16:26 [pool-2-thread-1] ERROR [jobId=13] o.h.e.jdbc.spi.SqlExceptionHelper - ERROR: value too long for type character varying(255)
2025-09-24 10:20:14 [pool-2-thread-2] INFO  [jobId=14] c.c.m.service.impl.JobServiceImpl - Start executing job 14
2025-09-24 10:20:14 [pool-2-thread-2] INFO  [jobId=14] c.c.m.service.impl.BackupServiceImpl - Starting create backup DB db2 to backup_db2_v1
2025-09-24 10:20:14 [pool-2-thread-2] ERROR [jobId=14] c.c.m.service.impl.BackupServiceImpl - Failed to create backup DB: db2
2025-09-24 10:20:14 [pool-2-thread-2] WARN  [jobId=14] o.h.e.jdbc.spi.SqlExceptionHelper - SQL Error: 0, SQLState: 22001
2025-09-24 10:20:14 [pool-2-thread-2] ERROR [jobId=14] o.h.e.jdbc.spi.SqlExceptionHelper - ERROR: value too long for type character varying(255)
2025-09-24 10:33:20 [pool-2-thread-3] INFO  [jobId=15] c.c.m.service.impl.JobServiceImpl - Start executing job 15
2025-09-24 10:33:20 [pool-2-thread-3] INFO  [jobId=15] c.c.m.service.impl.BackupServiceImpl - Starting create backup DB db2 to backup_db2_v1
2025-09-24 10:33:20 [pool-2-thread-3] ERROR [jobId=15] c.c.m.service.impl.BackupServiceImpl - Failed to create backup DB: db2
2025-09-24 10:33:20 [pool-2-thread-3] WARN  [jobId=15] o.h.e.jdbc.spi.SqlExceptionHelper - SQL Error: 0, SQLState: 22001
2025-09-24 10:33:20 [pool-2-thread-3] ERROR [jobId=15] o.h.e.jdbc.spi.SqlExceptionHelper - ERROR: value too long for type character varying(255)
2025-09-24 10:38:46 [pool-2-thread-4] INFO  [jobId=16] c.c.m.service.impl.JobServiceImpl - Start executing job 16
2025-09-24 10:38:46 [pool-2-thread-4] INFO  [jobId=16] c.c.m.service.impl.BackupServiceImpl - Starting create backup DB db2 to backup_db2_v1
2025-09-24 10:38:46 [pool-2-thread-4] ERROR [jobId=16] c.c.m.service.impl.BackupServiceImpl - Failed to create backup DB: db2
2025-09-24 10:38:46 [pool-2-thread-4] WARN  [jobId=16] o.h.e.jdbc.spi.SqlExceptionHelper - SQL Error: 0, SQLState: 22001
2025-09-24 10:38:46 [pool-2-thread-4] ERROR [jobId=16] o.h.e.jdbc.spi.SqlExceptionHelper - ERROR: value too long for type character varying(255)
2025-09-24 10:43:02 [pool-2-thread-5] INFO  [jobId=17] c.c.m.service.impl.JobServiceImpl - Start executing job 17
2025-09-24 10:43:02 [pool-2-thread-5] INFO  [jobId=17] c.c.m.service.impl.BackupServiceImpl - Starting create backup DB db2 to backup_db2_v1
2025-09-24 10:43:02 [pool-2-thread-5] INFO  [jobId=17] c.c.m.service.impl.BackupServiceImpl - Create backup DB db2 to backup_db2_v1
2025-09-24 10:43:02 [pool-2-thread-5] INFO  [jobId=17] c.c.m.service.impl.BackupServiceImpl - Starting compress file backup DB backup_db2_v1 to /tmp/backup_db2_v1.tar.gz
2025-09-24 10:43:02 [pool-2-thread-5] INFO  [jobId=17] c.c.m.service.impl.BackupServiceImpl - Compress file backup DB backup_db2_v1 to /tmp/backup_db2_v1.tar.gz
2025-09-24 10:43:02 [pool-2-thread-5] INFO  [jobId=17] c.c.m.s.impl.FTPServerServiceImpl -  Starting put file /tmp/backup_db2_v1.tar.gz to server
2025-09-24 10:43:03 [pool-2-thread-5] INFO  [jobId=17] c.c.m.s.impl.FTPServerServiceImpl - Put file /tmp/backup_db2_v1.tar.gz to server successful
2025-09-24 10:43:03 [pool-2-thread-5] INFO  [jobId=17] c.c.m.service.impl.JobServiceImpl - Job 17 completed
2025-09-24 10:45:39 [pool-2-thread-1] INFO  [jobId=18] c.c.m.service.impl.JobServiceImpl - Start executing job 18
2025-09-24 10:45:39 [pool-2-thread-1] INFO  [jobId=18] c.c.m.s.impl.RestoreServiceImpl - Start restore database db2
2025-09-24 10:45:39 [pool-2-thread-1] INFO  [jobId=18] c.c.m.s.impl.FTPServerServiceImpl -  Starting get file backup_db2_v1.tar.gz from server to localPath /mnt/disk3/backup_db2_v1.tar.gz
2025-09-24 10:45:39 [pool-2-thread-1] ERROR [jobId=18] c.c.m.s.impl.FTPServerServiceImpl - Failed to get file backup_db2_v1.tar.gz from server to localPath /mnt/disk3/backup_db2_v1.tar.gz
2025-09-24 10:45:39 [pool-2-thread-1] ERROR [jobId=18] c.c.m.s.impl.RestoreServiceImpl - Did not get file backup_db2_v1.tar.gz from server
2025-09-24 10:45:39 [pool-2-thread-1] INFO  [jobId=18] c.c.m.service.impl.JobServiceImpl - Job 18 completed
2025-09-24 10:46:59 [pool-2-thread-2] INFO  [jobId=19] c.c.m.service.impl.JobServiceImpl - Start executing job 19
2025-09-24 10:46:59 [pool-2-thread-2] INFO  [jobId=19] c.c.m.s.impl.RestoreServiceImpl - Start restore database db2
2025-09-24 10:46:59 [pool-2-thread-2] INFO  [jobId=19] c.c.m.s.impl.FTPServerServiceImpl -  Starting get file backup_db2_v1.tar.gz from server to localPath /tmp/backup_db2_v1.tar.gz
2025-09-24 10:46:59 [pool-2-thread-2] ERROR [jobId=19] c.c.m.s.impl.FTPServerServiceImpl - Failed to get file backup_db2_v1.tar.gz from server to localPath /tmp/backup_db2_v1.tar.gz
2025-09-24 10:46:59 [pool-2-thread-2] ERROR [jobId=19] c.c.m.s.impl.RestoreServiceImpl - Did not get file backup_db2_v1.tar.gz from server
2025-09-24 10:46:59 [pool-2-thread-2] INFO  [jobId=19] c.c.m.service.impl.JobServiceImpl - Job 19 completed
2025-09-24 10:49:18 [pool-2-thread-3] INFO  [jobId=20] c.c.m.service.impl.JobServiceImpl - Start executing job 20
2025-09-24 10:49:18 [pool-2-thread-3] INFO  [jobId=20] c.c.m.s.impl.RestoreServiceImpl - Start restore database db2
2025-09-24 10:49:18 [pool-2-thread-3] INFO  [jobId=20] c.c.m.s.impl.FTPServerServiceImpl -  Starting get file backup_db2_v1.tar.gz from server to localPath /mnt/disk3/get-file/backup_db2_v1.tar.gz
2025-09-24 10:49:19 [pool-2-thread-3] INFO  [jobId=20] c.c.m.s.impl.FTPServerServiceImpl - Get file /mnt/disk3/get-file/backup_db2_v1.tar.gz from server successful
2025-09-24 10:49:19 [pool-2-thread-3] INFO  [jobId=20] c.c.m.s.impl.RestoreServiceImpl - Get file backup_db2_v1.tar.gz from server
2025-09-24 10:49:19 [pool-2-thread-3] INFO  [jobId=20] c.c.m.s.impl.RestoreServiceImpl - Decompressed backup file /mnt/disk3/get-file/backup_db2_v1.tar.gz
2025-09-24 10:49:19 [pool-2-thread-3] INFO  [jobId=20] c.c.m.s.impl.RestoreServiceImpl - Dropped database db2 successful
2025-09-24 10:49:19 [pool-2-thread-3] INFO  [jobId=20] c.c.m.s.impl.RestoreServiceImpl - Restored DB db2 successful
2025-09-24 10:49:19 [pool-2-thread-3] INFO  [jobId=20] c.c.m.service.impl.JobServiceImpl - Job 20 completed
2025-09-24 10:51:51 [pool-2-thread-4] INFO  [jobId=21] c.c.m.service.impl.JobServiceImpl - Start executing job 21
2025-09-24 10:51:51 [pool-2-thread-4] INFO  [jobId=21] c.c.m.s.impl.RestoreServiceImpl - Start restore advanced db2.Product
2025-09-24 10:51:51 [pool-2-thread-4] INFO  [jobId=21] c.c.m.s.impl.FTPServerServiceImpl -  Starting get file backup_db2_v1.tar.gz from server to localPath /mnt/disk3/backup_db2_v1.tar.gz
2025-09-24 10:51:51 [pool-2-thread-4] ERROR [jobId=21] c.c.m.s.impl.FTPServerServiceImpl - Failed to get file backup_db2_v1.tar.gz from server to localPath /mnt/disk3/backup_db2_v1.tar.gz
2025-09-24 10:51:51 [pool-2-thread-4] ERROR [jobId=21] c.c.m.s.impl.RestoreServiceImpl - Did not get file backup_db2_v1.tar.gz from server
2025-09-24 10:51:51 [pool-2-thread-4] INFO  [jobId=21] c.c.m.service.impl.JobServiceImpl - Job 21 completed
2025-09-24 10:56:56 [pool-2-thread-5] INFO  [jobId=22] c.c.m.service.impl.JobServiceImpl - Start executing job 22
2025-09-24 10:56:56 [pool-2-thread-5] INFO  [jobId=22] c.c.m.s.impl.RestoreServiceImpl - Start restore advanced db2.Product
2025-09-24 10:56:56 [pool-2-thread-5] INFO  [jobId=22] c.c.m.s.impl.FTPServerServiceImpl -  Starting get file backup_db2_v1.tar.gz from server to localPath /mnt/disk3/get-file/backup_db2_v1.tar.gz
2025-09-24 10:56:56 [pool-2-thread-5] INFO  [jobId=22] c.c.m.s.impl.FTPServerServiceImpl - Get file /mnt/disk3/get-file/backup_db2_v1.tar.gz from server successful
2025-09-24 10:56:56 [pool-2-thread-5] INFO  [jobId=22] c.c.m.s.impl.RestoreServiceImpl - Get file backup_db2_v1.tar.gz from server
2025-09-24 10:56:56 [pool-2-thread-5] INFO  [jobId=22] c.c.m.s.impl.RestoreServiceImpl - Decompressed backup file /mnt/disk3/get-file/backup_db2_v1.tar.gz
2025-09-24 10:56:57 [pool-2-thread-5] INFO  [jobId=22] c.c.m.s.impl.RestoreServiceImpl - Dropped table db2.Product successful
2025-09-24 10:56:57 [pool-2-thread-5] INFO  [jobId=22] c.c.m.s.impl.RestoreServiceImpl - Restored table db2.Product successful
2025-09-24 10:56:57 [pool-2-thread-5] INFO  [jobId=22] c.c.m.service.impl.JobServiceImpl - Job 22 completed
2025-09-24 11:32:28 [SpringApplicationShutdownHook] INFO  [jobId=] o.s.b.w.e.tomcat.GracefulShutdown - Commencing graceful shutdown. Waiting for active requests to complete
2025-09-24 11:32:28 [tomcat-shutdown] INFO  [jobId=] o.s.b.w.e.tomcat.GracefulShutdown - Graceful shutdown complete
2025-09-24 11:32:28 [SpringApplicationShutdownHook] INFO  [jobId=] o.s.o.j.LocalContainerEntityManagerFactoryBean - Closing JPA EntityManagerFactory for persistence unit 'default'
2025-09-24 11:32:28 [SpringApplicationShutdownHook] INFO  [jobId=] com.zaxxer.hikari.HikariDataSource - HikariPool-1 - Shutdown initiated...
2025-09-24 11:32:28 [SpringApplicationShutdownHook] INFO  [jobId=] com.zaxxer.hikari.HikariDataSource - HikariPool-1 - Shutdown completed.
